<?xml version="1.0" encoding="UTF-8"?>
<testsuite xmlns:xsi="http://www.w3.org/2001/XMLSchema-instance" xsi:noNamespaceSchemaLocation="https://maven.apache.org/surefire/maven-surefire-plugin/xsd/surefire-test-report.xsd" name="airline.ValidationTest" time="0.066" tests="9" errors="0" skipped="0" failures="0">
  <properties>
[...]
</properties>
  <testcase name="questionOneCancelledFlights" classname="airline.ValidationTest" time="0.007"/>
  <testcase name="questionFourBusiestAirport" classname="airline.ValidationTest" time="0"/>
  <testcase name="allQuestionsAnsweredTest" classname="airline.ValidationTest" time="0"/>
  <testcase name="questionSixSink" classname="airline.ValidationTest" time="0.001"/>
  <testcase name="questionThreeFurthestTailNum" classname="airline.ValidationTest" time="0"/>
  <testcase name="questionSevenDelays" classname="airline.ValidationTest" time="0.001"/>
  <testcase name="questionEightMadeupDelay" classname="airline.ValidationTest" time="0"/>
  <testcase name="questionTwoMostCommonCancellation" classname="airline.ValidationTest" time="0.001"/>
  <testcase name="questionFiveSource" classname="airline.ValidationTest" time="0"/>
</testsuite>